#
# A fatal error has been detected by the Java Runtime Environment:
#
#  Internal Error (javaClasses.cpp:136), pid=9152, tid=15496
#  fatal error: Invalid layout of preloaded class
#
# JRE version:  (7.0_55-b13) (build )
# Java VM: Java HotSpot(TM) 64-Bit Server VM (24.55-b03 mixed mode windows-amd64 compressed oops)
# Failed to write core dump. Minidumps are not enabled by default on client versions of Windows
#
# If you would like to submit a bug report, please visit:
#   http://bugreport.sun.com/bugreport/crash.jsp
#

---------------  T H R E A D  ---------------

Current thread (0x000000000237e000):  JavaThread "Unknown thread" [_thread_in_vm, id=15496, stack(0x0000000002510000,0x0000000002610000)]

Stack: [0x0000000002510000,0x0000000002610000]

---------------  P R O C E S S  ---------------

Java Threads: ( => current thread )

Other Threads:

=>0x000000000237e000 (exited) JavaThread "Unknown thread" [_thread_in_vm, id=15496, stack(0x0000000002510000,0x0000000002610000)]

VM state:not at safepoint (not fully initialized)

VM Mutex/Monitor currently owned by a thread: None

GC Heap History (0 events):
No events

Deoptimization events (0 events):
No events

Internal exceptions (0 events):
No events

Events (10 events):
Event: 0.111 loading class 0x00000000022ecbf0 done
Event: 0.111 loading class 0x00000000022ec610 done
Event: 0.111 loading class 0x00000000022ec5f0
Event: 0.111 loading class 0x00000000022f46c0
Event: 0.111 loading class 0x00000000022f46c0 done
Event: 0.111 loading class 0x00000000022f46f0
Event: 0.111 loading class 0x00000000022f46f0 done
Event: 0.111 loading class 0x00000000022f4720
Event: 0.111 loading class 0x00000000022f4720 done
Event: 0.111 loading class 0x00000000022ec5f0 done


Dynamic libraries:
0x000000013fad0000 - 0x000000013fb03000 	D:\Program Files\Java\jdk1.7.0_55\bin\javaw.exe
0x0000000077af0000 - 0x0000000077c99000 	D:\Windows\SYSTEM32\ntdll.dll
0x00000000779d0000 - 0x0000000077aef000 	D:\Windows\system32\kernel32.dll
0x000007fefda30000 - 0x000007fefda9c000 	D:\Windows\system32\KERNELBASE.dll
0x000007fefe5a0000 - 0x000007fefe67b000 	D:\Windows\system32\ADVAPI32.dll
0x000007fefdc80000 - 0x000007fefdd1f000 	D:\Windows\system32\msvcrt.dll
0x000007fefde00000 - 0x000007fefde1f000 	D:\Windows\SYSTEM32\sechost.dll
0x000007feffa80000 - 0x000007feffbad000 	D:\Windows\system32\RPCRT4.dll
0x00000000778d0000 - 0x00000000779ca000 	D:\Windows\system32\USER32.dll
0x000007feffd90000 - 0x000007feffdf7000 	D:\Windows\system32\GDI32.dll
0x000007fefde20000 - 0x000007fefde2e000 	D:\Windows\system32\LPK.dll
0x000007fefe9d0000 - 0x000007fefea99000 	D:\Windows\system32\USP10.dll
0x000007fefc120000 - 0x000007fefc314000 	D:\Windows\WinSxS\amd64_microsoft.windows.common-controls_6595b64144ccf1df_6.0.7601.17514_none_fa396087175ac9ac\COMCTL32.dll
0x000007fefeaa0000 - 0x000007fefeb11000 	D:\Windows\system32\SHLWAPI.dll
0x000007fefe360000 - 0x000007fefe38e000 	D:\Windows\system32\IMM32.DLL
0x000007fefdec0000 - 0x000007fefdfc9000 	D:\Windows\system32\MSCTF.dll
0x000007fefd7d0000 - 0x000007fefd810000 	D:\Windows\system32\nvinitx.dll
0x0000000072ca0000 - 0x0000000072d72000 	D:\Program Files\Java\jdk1.7.0_55\jre\bin\msvcr100.dll
0x000000005eb50000 - 0x000000005f319000 	D:\Program Files\Java\jdk1.7.0_55\jre\bin\server\jvm.dll
0x000007fef8cf0000 - 0x000007fef8cf9000 	D:\Windows\system32\WSOCK32.dll
0x000007fefe680000 - 0x000007fefe6cd000 	D:\Windows\system32\WS2_32.dll
0x000007feffa70000 - 0x000007feffa78000 	D:\Windows\system32\NSI.dll
0x000007fefd950000 - 0x000007fefd98b000 	D:\Windows\system32\WINMM.dll
0x0000000077cc0000 - 0x0000000077cc7000 	D:\Windows\system32\PSAPI.DLL
0x0000000074b90000 - 0x0000000074b9f000 	D:\Program Files\Java\jdk1.7.0_55\jre\bin\verify.dll
0x0000000073a60000 - 0x0000000073a88000 	D:\Program Files\Java\jdk1.7.0_55\jre\bin\java.dll
0x0000000073aa0000 - 0x0000000073ab5000 	D:\Program Files\Java\jdk1.7.0_55\jre\bin\zip.dll

VM Arguments:
jvm_args: -Dfile.encoding=GB18030 -Xbootclasspath:F:\android-sdk-windows\platforms\android-14\android.jar 
java_command: com.fengjian.test.Test
Launcher Type: SUN_STANDARD

Environment Variables:
JAVA_HOME=D:\Program Files\Java\jdk1.7.0_55
CLASSPATH=.;D:\Program Files\Java\jdk1.7.0_55\lib\dt.jar;D:\Program Files\Java\jdk1.7.0_55\lib\tools.jar;
PATH=D:\Program Files (x86)\Common Files\NetSarang;D:\Program Files (x86)\NVIDIA Corporation\PhysX\Common;D:\Windows\system32;D:\Windows;D:\Windows\System32\Wbem;D:\Windows\System32\WindowsPowerShell\v1.0\;D:\Program Files\Intel\WiFi\bin\;D:\Program Files\Common Files\Intel\WirelessCommon\;£ºD:\Program Files\Java\jdk1.7.0_55\bin;D:\Program Files\Java\jdk1.7.0_55\jre\bin;F:\Program Files\TortoiseSVN\bin;D:\Program Files (x86)\VisualSVN Server\bin;D:\Program Files\Java\jdk1.7.0_55\bin;D:\Program Files (x86)\Microsoft SQL Server\100\Tools\Binn\;D:\Program Files\Microsoft SQL Server\100\Tools\Binn\;D:\Program Files\Microsoft SQL Server\100\DTS\Binn\;D:\Program Files (x86)\Microsoft SQL Server\100\Tools\Binn\VSShell\Common7\IDE\;D:\Program Files (x86)\Microsoft SQL Server\100\DTS\Binn\;D:\Program Files\Intel\WiFi\bin\;D:\Program Files\Common Files\Intel\WirelessCommon\;F:\Program Files (x86)\SSH Communications Security\SSH Secure Shell;D:\Program Files (x86)\SSH Communications Security\SSH Secure Shell
USERNAME=znn
OS=Windows_NT
PROCESSOR_IDENTIFIER=Intel64 Family 6 Model 58 Stepping 9, GenuineIntel



---------------  S Y S T E M  ---------------

OS: Windows 7 , 64 bit Build 7601 Service Pack 1

CPU:total 4 (2 cores per cpu, 2 threads per core) family 6 model 58 stepping 9, cmov, cx8, fxsr, mmx, sse, sse2, sse3, ssse3, sse4.1, sse4.2, popcnt, avx, aes, erms, ht, tsc, tscinvbit, tscinv

Memory: 4k page, physical 8271620k(1107420k free), swap 16541396k(4560148k free)

vm_info: Java HotSpot(TM) 64-Bit Server VM (24.55-b03) for windows-amd64 JRE (1.7.0_55-b13), built on Mar 17 2014 19:45:30 by "java_re" with unknown MS VC++:1600

time: Fri Mar 27 13:05:17 2015
elapsed time: 0 seconds

